This is pdfTeX, Version 3.141592653-2.6-1.40.25 (TeX Live 2023) (preloaded format=pdflatex 2025.12.5)  10 FEB 2026 01:12
entering extended mode
 restricted \write18 enabled.
 file:line:error style messages enabled.
 %&-line parsing enabled.
**/home/kike/Documents/Mates/TFG/introduction-to-morse-theory/memoria_libro/main.tex
(/home/kike/Documents/Mates/TFG/introduction-to-morse-theory/memoria_libro/main.tex
LaTeX2e <2022-11-01> patch level 1
L3 programming layer <2023-02-22> (./ucmthesis.cls (/usr/share/texlive/texmf-dist/tex/latex/base/report.cls
Document Class: report 2022/07/02 v1.4n Standard LaTeX document class
(/usr/share/texlive/texmf-dist/tex/latex/base/size10.clo
File: size10.clo 2022/07/02 v1.4n Standard LaTeX file (size option)
)
\c@part=\count185
\c@chapter=\count186
\c@section=\count187
\c@subsection=\count188
\c@subsubsection=\count189
\c@paragraph=\count190
\c@subparagraph=\count191
\c@figure=\count192
\c@table=\count193
\abovecaptionskip=\skip48
\belowcaptionskip=\skip49
\bibindent=\dimen140
) (/usr/share/texlive/texmf-dist/tex/latex/graphics/graphicx.sty
Package: graphicx 2021/09/16 v1.2d Enhanced LaTeX Graphics (DPC,SPQR)
 (/usr/share/texlive/texmf-dist/tex/latex/graphics/keyval.sty
Package: keyval 2022/05/29 v1.15 key=value parser (DPC)
\KV@toks@=\toks16
) (/usr/share/texlive/texmf-dist/tex/latex/graphics/graphics.sty
Package: graphics 2022/03/10 v1.4e Standard LaTeX Graphics (DPC,SPQR)
 (/usr/share/texlive/texmf-dist/tex/latex/graphics/trig.sty
Package: trig 2021/08/11 v1.11 sin cos tan (DPC)
) (/usr/share/texlive/texmf-dist/tex/latex/graphics-cfg/graphics.cfg
File: graphics.cfg 2016/06/04 v1.11 sample graphics configuration
)
Package graphics Info: Driver file: pdftex.def on input line 107.
 (/usr/share/texlive/texmf-dist/tex/latex/graphics-def/pdftex.def
File: pdftex.def 2022/09/22 v1.2b Graphics/color driver for pdftex
))
\Gin@req@height=\dimen141
\Gin@req@width=\dimen142
)) (/usr/share/texlive/texmf-dist/tex/latex/caption/subcaption.sty
Package: subcaption 2023/02/19 v1.6 Sub-captions (AR)
 (/usr/share/texlive/texmf-dist/tex/latex/caption/caption.sty
Package: caption 2023/03/12 v3.6j Customizing captions (AR)
 (/usr/share/texlive/texmf-dist/tex/latex/caption/caption3.sty
Package: caption3 2023/03/12 v2.4 caption3 kernel (AR)
\caption@tempdima=\dimen143
\captionmargin=\dimen144
\caption@leftmargin=\dimen145
\caption@rightmargin=\dimen146
\caption@width=\dimen147
\caption@indent=\dimen148
\caption@parindent=\dimen149
\caption@hangindent=\dimen150
Package caption Info: Standard document class detected.
)
\c@caption@flags=\count194
\c@continuedfloat=\count195
)
Package caption Info: New subtype `subfigure' on input line 239.
\c@subfigure=\count196
Package caption Info: New subtype `subtable' on input line 239.
\c@subtable=\count197
) (/usr/share/texlive/texmf-dist/tex/latex/pdfpages/pdfpages.sty
Package: pdfpages 2022/12/19 v0.5x Insert pages of external PDF documents (AM)
 (/usr/share/texlive/texmf-dist/tex/latex/base/ifthen.sty
Package: ifthen 2022/04/13 v1.1d Standard LaTeX ifthen package (DPC)
) (/usr/share/texlive/texmf-dist/tex/latex/tools/calc.sty
Package: calc 2017/05/25 v4.3 Infix arithmetic (KKT,FJ)
\calc@Acount=\count198
\calc@Bcount=\count199
\calc@Adimen=\dimen151
\calc@Bdimen=\dimen152
\calc@Askip=\skip50
\calc@Bskip=\skip51
LaTeX Info: Redefining \setlength on input line 80.
LaTeX Info: Redefining \addtolength on input line 81.
\calc@Ccount=\count266
\calc@Cskip=\skip52
) (/usr/share/texlive/texmf-dist/tex/latex/eso-pic/eso-pic.sty
Package: eso-pic 2020/10/14 v3.0a eso-pic (RN)
\ESO@tempdima=\dimen153
\ESO@tempdimb=\dimen154
 (/usr/share/texlive/texmf-dist/tex/latex/xcolor/xcolor.sty
Package: xcolor 2022/06/12 v2.14 LaTeX color extensions (UK)
 (/usr/share/texlive/texmf-dist/tex/latex/graphics-cfg/color.cfg
File: color.cfg 2016/01/02 v1.6 sample color configuration
)
Package xcolor Info: Driver file: pdftex.def on input line 227.
 (/usr/share/texlive/texmf-dist/tex/latex/graphics/mathcolor.ltx)
Package xcolor Info: Model `cmy' substituted by `cmy0' on input line 1353.
Package xcolor Info: Model `hsb' substituted by `rgb' on input line 1357.
Package xcolor Info: Model `RGB' extended on input line 1369.
Package xcolor Info: Model `HTML' substituted by `rgb' on input line 1371.
Package xcolor Info: Model `Hsb' substituted by `hsb' on input line 1372.
Package xcolor Info: Model `tHsb' substituted by `hsb' on input line 1373.
Package xcolor Info: Model `HSB' substituted by `hsb' on input line 1374.
Package xcolor Info: Model `Gray' substituted by `gray' on input line 1375.
Package xcolor Info: Model `wave' substituted by `hsb' on input line 1376.
))
\AM@pagewidth=\dimen155
\AM@pageheight=\dimen156
\AM@fboxrule=\dimen157
 (/usr/share/texlive/texmf-dist/tex/latex/pdfpages/pppdftex.def
File: pppdftex.def 2022/12/19 v0.5x Pdfpages driver for pdfTeX (AM)
)
\pdfpages@includegraphics@status=\count267
\AM@pagebox=\box51
\AM@global@opts=\toks17
\AM@pagecnt=\count268
\AM@toc@title=\toks18
\AM@lof@heading=\toks19
\c@AM@survey=\count269
\AM@templatesizebox=\box52
) (/usr/share/texlive/texmf-dist/tex/latex/geometry/geometry.sty
Package: geometry 2020/01/02 v5.9 Page Geometry
 (/usr/share/texlive/texmf-dist/tex/generic/iftex/ifvtex.sty
Package: ifvtex 2019/10/25 v1.7 ifvtex legacy package. Use iftex instead.
 (/usr/share/texlive/texmf-dist/tex/generic/iftex/iftex.sty
Package: iftex 2022/02/03 v1.0f TeX engine tests
))
\Gm@cnth=\count270
\Gm@cntv=\count271
\c@Gm@tempcnt=\count272
\Gm@bindingoffset=\dimen158
\Gm@wd@mp=\dimen159
\Gm@odd@mp=\dimen160
\Gm@even@mp=\dimen161
\Gm@layoutwidth=\dimen162
\Gm@layoutheight=\dimen163
\Gm@layouthoffset=\dimen164
\Gm@layoutvoffset=\dimen165
\Gm@dimlist=\toks20
) (/usr/share/texlive/texmf-dist/tex/latex/parskip/parskip.sty
Package: parskip 2021-03-14 v2.0h non-zero parskip adjustments
 (/usr/share/texlive/texmf-dist/tex/latex/kvoptions/kvoptions.sty
Package: kvoptions 2022-06-15 v3.15 Key value format for package options (HO)
 (/usr/share/texlive/texmf-dist/tex/generic/ltxcmds/ltxcmds.sty
Package: ltxcmds 2020-05-10 v1.25 LaTeX kernel commands for general use (HO)
) (/usr/share/texlive/texmf-dist/tex/latex/kvsetkeys/kvsetkeys.sty
Package: kvsetkeys 2022-10-05 v1.19 Key value parser (HO)
)) (/usr/share/texlive/texmf-dist/tex/latex/etoolbox/etoolbox.sty
Package: etoolbox 2020/10/05 v2.5k e-TeX tools for LaTeX (JAW)
\etb@tempcnta=\count273
)) (/usr/share/texlive/texmf-dist/tex/generic/babel/babel.sty
Package: babel 2023/02/13 3.86 The Babel package
\babel@savecnt=\count274
\U@D=\dimen166
\l@unhyphenated=\language85
 (/usr/share/texlive/texmf-dist/tex/generic/babel/txtbabel.def)
\bbl@readstream=\read2
\bbl@dirlevel=\count275
 (/usr/share/texlive/texmf-dist/tex/generic/babel-spanish/spanish.ldf
Language: spanish.ldf 2021/05/27 v5.0q Spanish support from the babel system
\es@quottoks=\toks21
\es@quotdepth=\count276
Package babel Info: Making " an active character on input line 570.
Package babel Info: Making . an active character on input line 675.
Package babel Info: Making < an active character on input line 722.
Package babel Info: Making > an active character on input line 722.
)) (/usr/share/texlive/texmf-dist/tex/generic/babel/locale/es/babel-spanish.tex
Package babel Info: Importing font and identification data for spanish
(babel)             from babel-es.ini. Reported on input line 11.
) (/usr/share/texlive/texmf-dist/tex/latex/base/inputenc.sty
Package: inputenc 2021/02/14 v1.3d Input encoding file
\inpenc@prehook=\toks22
\inpenc@posthook=\toks23
) (/usr/share/texlive/texmf-dist/tex/latex/csquotes/csquotes.sty
Package: csquotes 2022-09-14 v5.2n context-sensitive quotations (JAW)
\csq@reset=\count277
\csq@gtype=\count278
\csq@glevel=\count279
\csq@qlevel=\count280
\csq@maxlvl=\count281
\csq@tshold=\count282
\csq@ltx@everypar=\toks24
 (/usr/share/texlive/texmf-dist/tex/latex/csquotes/csquotes.def
File: csquotes.def 2022-09-14 v5.2n csquotes generic definitions (JAW)
)
Package csquotes Info: Trying to load configuration file 'csquotes.cfg'...
Package csquotes Info: ... configuration file loaded successfully.
 (/usr/share/texlive/texmf-dist/tex/latex/csquotes/csquotes.cfg
File: csquotes.cfg 
)) (/usr/share/texlive/texmf-dist/tex/latex/biblatex/biblatex.sty
Package: biblatex 2024/03/21 v3.20 programmable bibliographies (PK/MW)
 (/usr/share/texlive/texmf-dist/tex/generic/pdftexcmds/pdftexcmds.sty
Package: pdftexcmds 2020-06-27 v0.33 Utility functions of pdfTeX for LuaTeX (HO)
 (/usr/share/texlive/texmf-dist/tex/generic/infwarerr/infwarerr.sty
Package: infwarerr 2019/12/03 v1.5 Providing info/warning/error messages (HO)
)
Package pdftexcmds Info: \pdf@primitive is available.
Package pdftexcmds Info: \pdf@ifprimitive is available.
Package pdftexcmds Info: \pdfdraftmode found.
) (/usr/share/texlive/texmf-dist/tex/latex/logreq/logreq.sty
Package: logreq 2010/08/04 v1.0 xml request logger
\lrq@indent=\count283
 (/usr/share/texlive/texmf-dist/tex/latex/logreq/logreq.def
File: logreq.def 2010/08/04 v1.0 logreq spec v1.0
)) (/usr/share/texlive/texmf-dist/tex/latex/url/url.sty
\Urlmuskip=\muskip16
Package: url 2013/09/16  ver 3.4  Verb mode for urls, etc.
)
\c@tabx@nest=\count284
\c@listtotal=\count285
\c@listcount=\count286
\c@liststart=\count287
\c@liststop=\count288
\c@citecount=\count289
\c@citetotal=\count290
\c@multicitecount=\count291
\c@multicitetotal=\count292
\c@instcount=\count293
\c@maxnames=\count294
\c@minnames=\count295
\c@maxitems=\count296
\c@minitems=\count297
\c@citecounter=\count298
\c@maxcitecounter=\count299
\c@savedcitecounter=\count300
\c@uniquelist=\count301
\c@uniquename=\count302
\c@refsection=\count303
\c@refsegment=\count304
\c@maxextratitle=\count305
\c@maxextratitleyear=\count306
\c@maxextraname=\count307
\c@maxextradate=\count308
\c@maxextraalpha=\count309
\c@abbrvpenalty=\count310
\c@highnamepenalty=\count311
\c@lownamepenalty=\count312
\c@maxparens=\count313
\c@parenlevel=\count314
\blx@tempcnta=\count315
\blx@tempcntb=\count316
\blx@tempcntc=\count317
\c@blx@maxsection=\count318
\blx@maxsegment@0=\count319
\blx@notetype=\count320
\blx@parenlevel@text=\count321
\blx@parenlevel@foot=\count322
\blx@sectionciteorder@0=\count323
\blx@sectionciteorderinternal@0=\count324
\blx@entrysetcounter=\count325
\blx@biblioinstance=\count326
\labelnumberwidth=\skip53
\labelalphawidth=\skip54
\biblabelsep=\skip55
\bibitemsep=\skip56
\bibnamesep=\skip57
\bibinitsep=\skip58
\bibparsep=\skip59
\bibhang=\skip60
\blx@bcfin=\read3
\blx@bcfout=\write3
\blx@langwohyphens=\language86
\c@mincomprange=\count327
\c@maxcomprange=\count328
\c@mincompwidth=\count329
Package biblatex Info: Trying to load biblatex default data model...
Package biblatex Info: ... file 'blx-dm.def' found.
 (/usr/share/texlive/texmf-dist/tex/latex/biblatex/blx-dm.def
File: blx-dm.def 2024/03/21 v3.20 biblatex datamodel (PK/MW)
)
Package biblatex Info: Trying to load biblatex style data model...
Package biblatex Info: ... file 'alphabetic.dbx' not found.
Package biblatex Info: Trying to load biblatex custom data model...
Package biblatex Info: ... file 'biblatex-dm.cfg' not found.
\c@afterword=\count330
\c@savedafterword=\count331
\c@annotator=\count332
\c@savedannotator=\count333
\c@author=\count334
\c@savedauthor=\count335
\c@bookauthor=\count336
\c@savedbookauthor=\count337
\c@commentator=\count338
\c@savedcommentator=\count339
\c@editor=\count340
\c@savededitor=\count341
\c@editora=\count342
\c@savededitora=\count343
\c@editorb=\count344
\c@savededitorb=\count345
\c@editorc=\count346
\c@savededitorc=\count347
\c@foreword=\count348
\c@savedforeword=\count349
\c@holder=\count350
\c@savedholder=\count351
\c@introduction=\count352
\c@savedintroduction=\count353
\c@namea=\count354
\c@savednamea=\count355
\c@nameb=\count356
\c@savednameb=\count357
\c@namec=\count358
\c@savednamec=\count359
\c@translator=\count360
\c@savedtranslator=\count361
\c@shortauthor=\count362
\c@savedshortauthor=\count363
\c@shorteditor=\count364
\c@savedshorteditor=\count365
\c@labelname=\count366
\c@savedlabelname=\count367
\c@institution=\count368
\c@savedinstitution=\count369
\c@lista=\count370
\c@savedlista=\count371
\c@listb=\count372
\c@savedlistb=\count373
\c@listc=\count374
\c@savedlistc=\count375
\c@listd=\count376
\c@savedlistd=\count377
\c@liste=\count378
\c@savedliste=\count379
\c@listf=\count380
\c@savedlistf=\count381
\c@location=\count382
\c@savedlocation=\count383
\c@organization=\count384
\c@savedorganization=\count385
\c@origlocation=\count386
\c@savedoriglocation=\count387
\c@origpublisher=\count388
\c@savedorigpublisher=\count389
\c@publisher=\count390
\c@savedpublisher=\count391
\c@language=\count392
\c@savedlanguage=\count393
\c@origlanguage=\count394
\c@savedoriglanguage=\count395
\c@pageref=\count396
\c@savedpageref=\count397
\shorthandwidth=\skip61
\shortjournalwidth=\skip62
\shortserieswidth=\skip63
\shorttitlewidth=\skip64
\shortauthorwidth=\skip65
\shorteditorwidth=\skip66
\locallabelnumberwidth=\skip67
\locallabelalphawidth=\skip68
\localshorthandwidth=\skip69
\localshortjournalwidth=\skip70
\localshortserieswidth=\skip71
\localshorttitlewidth=\skip72
\localshortauthorwidth=\skip73
\localshorteditorwidth=\skip74
Package biblatex Info: Trying to load compatibility code...
Package biblatex Info: ... file 'blx-compat.def' found.
 (/usr/share/texlive/texmf-dist/tex/latex/biblatex/blx-compat.def
File: blx-compat.def 2024/03/21 v3.20 biblatex compatibility (PK/MW)
)
Package biblatex Info: Trying to load generic definitions...
Package biblatex Info: ... file 'biblatex.def' found.
 (/usr/share/texlive/texmf-dist/tex/latex/biblatex/biblatex.def
File: biblatex.def 2024/03/21 v3.20 biblatex compatibility (PK/MW)
\c@textcitecount=\count398
\c@textcitetotal=\count399
\c@textcitemaxnames=\count400
\c@biburlbigbreakpenalty=\count401
\c@biburlbreakpenalty=\count402
\c@biburlnumpenalty=\count403
\c@biburlucpenalty=\count404
\c@biburllcpenalty=\count405
\biburlbigskip=\muskip17
\biburlnumskip=\muskip18
\biburlucskip=\muskip19
\biburllcskip=\muskip20
\c@smartand=\count406
)
Package biblatex Info: Trying to load bibliography style 'alphabetic'...
Package biblatex Info: ... file 'alphabetic.bbx' found.
 (/usr/share/texlive/texmf-dist/tex/latex/biblatex/bbx/alphabetic.bbx
File: alphabetic.bbx 2024/03/21 v3.20 biblatex bibliography style (PK/MW)
Package biblatex Info: Trying to load bibliography style 'standard'...
Package biblatex Info: ... file 'standard.bbx' found.
 (/usr/share/texlive/texmf-dist/tex/latex/biblatex/bbx/standard.bbx
File: standard.bbx 2024/03/21 v3.20 biblatex bibliography style (PK/MW)
\c@bbx:relatedcount=\count407
\c@bbx:relatedtotal=\count408
))
Package biblatex Info: Trying to load citation style 'alphabetic'...
Package biblatex Info: ... file 'alphabetic.cbx' found.
 (/usr/share/texlive/texmf-dist/tex/latex/biblatex/cbx/alphabetic.cbx
File: alphabetic.cbx 2024/03/21 v3.20 biblatex citation style (PK/MW)
Package biblatex Info: Redefining '\cite'.
Package biblatex Info: Redefining '\parencite'.
Package biblatex Info: Redefining '\footcite'.
Package biblatex Info: Redefining '\footcitetext'.
Package biblatex Info: Redefining '\smartcite'.
Package biblatex Info: Redefining '\textcite'.
Package biblatex Info: Redefining '\textcites'.
Package biblatex Info: Redefining '\cites'.
Package biblatex Info: Redefining '\parencites'.
Package biblatex Info: Redefining '\smartcites'.
)
Package biblatex Info: Trying to load configuration file...
Package biblatex Info: ... file 'biblatex.cfg' found.
 (/usr/share/texlive/texmf-dist/tex/latex/biblatex/biblatex.cfg
File: biblatex.cfg 
)
Package biblatex Info: Input encoding 'utf8' detected.
Package biblatex Info: Document encoding is UTF8 ....
 (/usr/share/texlive/texmf-dist/tex/latex/l3kernel/expl3.sty
Package: expl3 2023-02-22 L3 programming layer (loader) 
 (/usr/share/texlive/texmf-dist/tex/latex/l3backend/l3backend-pdftex.def
File: l3backend-pdftex.def 2023-01-16 L3 backend support: PDF output (pdfTeX)
\l__color_backend_stack_int=\count409
\l__pdf_internal_box=\box53
))
Package biblatex Info: ... and expl3
(biblatex)             2023-02-22 L3 programming layer (loader) 
(biblatex)             is new enough (at least 2020/04/06),
(biblatex)             setting 'casechanger=expl3'.
 (/usr/share/texlive/texmf-dist/tex/latex/biblatex/blx-case-expl3.sty (/usr/share/texlive/texmf-dist/tex/latex/l3packages/xparse/xparse.sty
Package: xparse 2023-02-02 L3 Experimental document command parser
)
Package: blx-case-expl3 2024/03/21 v3.20 expl3 case changing code for biblatex
)) (/usr/share/texlive/texmf-dist/tex/latex/enumitem/enumitem.sty
Package: enumitem 2019/06/20 v3.9 Customized lists
\labelindent=\skip75
\enit@outerparindent=\dimen167
\enit@toks=\toks25
\enit@inbox=\box54
\enit@count@id=\count410
\enitdp@description=\count411
) (/usr/share/texlive/texmf-dist/tex/latex/amsfonts/amssymb.sty
Package: amssymb 2013/01/14 v3.01 AMS font symbols
 (/usr/share/texlive/texmf-dist/tex/latex/amsfonts/amsfonts.sty
Package: amsfonts 2013/01/14 v3.01 Basic AMSFonts support
\@emptytoks=\toks26
\symAMSa=\mathgroup4
\symAMSb=\mathgroup5
LaTeX Font Info:    Redeclaring math symbol \hbar on input line 98.
LaTeX Font Info:    Overwriting math alphabet `\mathfrak' in version `bold'
(Font)                  U/euf/m/n --> U/euf/b/n on input line 106.
)) (/usr/share/texlive/texmf-dist/tex/latex/amscls/amsthm.sty
Package: amsthm 2020/05/29 v2.20.6
\thm@style=\toks27
\thm@bodyfont=\toks28
\thm@headfont=\toks29
\thm@notefont=\toks30
\thm@headpunct=\toks31
\thm@preskip=\skip76
\thm@postskip=\skip77
\thm@headsep=\skip78
\dth@everypar=\toks32
) (/usr/share/texlive/texmf-dist/tex/latex/amsmath/amsmath.sty
Package: amsmath 2022/04/08 v2.17n AMS math features
\@mathmargin=\skip79

For additional information on amsmath, use the `?' option.
(/usr/share/texlive/texmf-dist/tex/latex/amsmath/amstext.sty
Package: amstext 2021/08/26 v2.01 AMS text
 (/usr/share/texlive/texmf-dist/tex/latex/amsmath/amsgen.sty
File: amsgen.sty 1999/11/30 v2.0 generic functions
\@emptytoks=\toks33
\ex@=\dimen168
)) (/usr/share/texlive/texmf-dist/tex/latex/amsmath/amsbsy.sty
Package: amsbsy 1999/11/29 v1.2d Bold Symbols
\pmbraise@=\dimen169
) (/usr/share/texlive/texmf-dist/tex/latex/amsmath/amsopn.sty
Package: amsopn 2022/04/08 v2.04 operator names
)
\inf@bad=\count412
LaTeX Info: Redefining \frac on input line 234.
\uproot@=\count413
\leftroot@=\count414
LaTeX Info: Redefining \overline on input line 399.
LaTeX Info: Redefining \colon on input line 410.
\classnum@=\count415
\DOTSCASE@=\count416
LaTeX Info: Redefining \ldots on input line 496.
LaTeX Info: Redefining \dots on input line 499.
LaTeX Info: Redefining \cdots on input line 620.
\Mathstrutbox@=\box55
\strutbox@=\box56
LaTeX Info: Redefining \big on input line 722.
LaTeX Info: Redefining \Big on input line 723.
LaTeX Info: Redefining \bigg on input line 724.
LaTeX Info: Redefining \Bigg on input line 725.
\big@size=\dimen170
LaTeX Font Info:    Redeclaring font encoding OML on input line 743.
LaTeX Font Info:    Redeclaring font encoding OMS on input line 744.
\macc@depth=\count417
LaTeX Info: Redefining \bmod on input line 905.
LaTeX Info: Redefining \pmod on input line 910.
LaTeX Info: Redefining \smash on input line 940.
LaTeX Info: Redefining \relbar on input line 970.
LaTeX Info: Redefining \Relbar on input line 971.
\c@MaxMatrixCols=\count418
\dotsspace@=\muskip21
\c@parentequation=\count419
\dspbrk@lvl=\count420
\tag@help=\toks34
\row@=\count421
\column@=\count422
\maxfields@=\count423
\andhelp@=\toks35
\eqnshift@=\dimen171
\alignsep@=\dimen172
\tagshift@=\dimen173
\tagwidth@=\dimen174
\totwidth@=\dimen175
\lineht@=\dimen176
\@envbody=\toks36
\multlinegap=\skip80
\multlinetaggap=\skip81
\mathdisplay@stack=\toks37
LaTeX Info: Redefining \[ on input line 2953.
LaTeX Info: Redefining \] on input line 2954.
)
\c@theorem=\count424
 (/usr/share/texlive/texmf-dist/tex/latex/fancyhdr/fancyhdr.sty
Package: fancyhdr 2022/11/09 v4.1 Extensive control of page headers and footers
\f@nch@headwidth=\skip82
\f@nch@O@elh=\skip83
\f@nch@O@erh=\skip84
\f@nch@O@olh=\skip85
\f@nch@O@orh=\skip86
\f@nch@O@elf=\skip87
\f@nch@O@erf=\skip88
\f@nch@O@olf=\skip89
\f@nch@O@orf=\skip90
) (/usr/share/texlive/texmf-dist/tex/latex/emptypage/emptypage.sty
Package: emptypage 2010/05/30 v1.2 Suppress page numbers and headings on empty pages
) (/usr/share/texlive/texmf-dist/tex/latex/float/float.sty
Package: float 2001/11/08 v1.3d Float enhancements (AL)
\c@float@type=\count425
\float@exts=\toks38
\float@box=\box57
\@float@everytoks=\toks39
\@floatcapt=\box58
)
Package csquotes Info: Checking for multilingual support...
Package csquotes Info: ... found 'babel' package.
Package csquotes Info: Adjusting default style.
Package csquotes Info: Redefining alias 'default' -> 'spanish'.
 (./main.aux
LaTeX Info: Redefining \. on input line 9.
LaTeX Info: Redefining \% on input line 9.
 (./capitulo1/chapter1.aux) (./capitulo2/chapter2.aux) (./capitulo3/chapter3.aux) (./capitulo4/chapter4.aux))
\openout1 = `main.aux'.

LaTeX Font Info:    Checking defaults for OML/cmm/m/it on input line 139.
LaTeX Font Info:    ... okay on input line 139.
LaTeX Font Info:    Checking defaults for OMS/cmsy/m/n on input line 139.
LaTeX Font Info:    ... okay on input line 139.
LaTeX Font Info:    Checking defaults for OT1/cmr/m/n on input line 139.
LaTeX Font Info:    ... okay on input line 139.
LaTeX Font Info:    Checking defaults for T1/cmr/m/n on input line 139.
LaTeX Font Info:    ... okay on input line 139.
LaTeX Font Info:    Checking defaults for TS1/cmr/m/n on input line 139.
LaTeX Font Info:    ... okay on input line 139.
LaTeX Font Info:    Checking defaults for OMX/cmex/m/n on input line 139.
LaTeX Font Info:    ... okay on input line 139.
LaTeX Font Info:    Checking defaults for U/cmr/m/n on input line 139.
LaTeX Font Info:    ... okay on input line 139.
 (/usr/share/texlive/texmf-dist/tex/context/base/mkii/supp-pdf.mkii
[Loading MPS to PDF converter (version 2006.09.02).]
\scratchcounter=\count426
\scratchdimen=\dimen177
\scratchbox=\box59
\nofMPsegments=\count427
\nofMParguments=\count428
\everyMPshowfont=\toks40
\MPscratchCnt=\count429
\MPscratchDim=\dimen178
\MPnumerator=\count430
\makeMPintoPDFobject=\count431
\everyMPtoPDFconversion=\toks41
) (/usr/share/texlive/texmf-dist/tex/latex/epstopdf-pkg/epstopdf-base.sty
Package: epstopdf-base 2020-01-24 v2.11 Base part for package epstopdf
Package epstopdf-base Info: Redefining graphics rule for `.eps' on input line 485.
 (/usr/share/texlive/texmf-dist/tex/latex/latexconfig/epstopdf-sys.cfg
File: epstopdf-sys.cfg 2010/07/13 v1.3 Configuration of (r)epstopdf for TeX Live
))
Package caption Info: Begin \AtBeginDocument code.
Package caption Info: float package is loaded.
Package caption Info: End \AtBeginDocument code.
 (/usr/share/texlive/texmf-dist/tex/latex/pdflscape/pdflscape.sty
Package: pdflscape 2022-10-27 v0.13 Display of landscape pages in PDF
 (/usr/share/texlive/texmf-dist/tex/latex/pdflscape/pdflscape-nometadata.sty
Package: pdflscape-nometadata 2022-10-28 v0.13 Display of landscape pages in PDF (HO)
 (/usr/share/texlive/texmf-dist/tex/latex/graphics/lscape.sty
Package: lscape 2020/05/28 v3.02 Landscape Pages (DPC)
)
Package pdflscape Info: Auto-detected driver: pdftex on input line 81.
))
*geometry* driver: auto-detecting
*geometry* detected driver: pdftex
*geometry* verbose mode - [ preamble ] result:
* driver: pdftex
* paper: <default>
* layout: <same size as paper>
* layoutoffset:(h,v)=(0.0pt,0.0pt)
* modes: twoside 
* h-part:(L,W,R)=(85.35826pt, 455.24411pt, 56.9055pt)
* v-part:(T,H,B)=(71.13188pt, 702.78308pt, 71.13188pt)
* \paperwidth=597.50787pt
* \paperheight=845.04684pt
* \textwidth=455.24411pt
* \textheight=702.78308pt
* \oddsidemargin=13.08827pt
* \evensidemargin=-15.36449pt
* \topmargin=-38.1381pt
* \headheight=12.0pt
* \headsep=25.0pt
* \topskip=10.0pt
* \footskip=30.0pt
* \marginparwidth=111.0pt
* \marginparsep=11.0pt
* \columnsep=10.0pt
* \skip\footins=9.0pt plus 4.0pt minus 2.0pt
* \hoffset=0.0pt
* \voffset=0.0pt
* \mag=1000
* \@twocolumnfalse
* \@twosidetrue
* \@mparswitchtrue
* \@reversemarginfalse
* (1in=72.27pt=25.4mm, 1cm=28.453pt)

LaTeX Info: Redefining \. on input line 139.
LaTeX Info: Redefining \% on input line 139.
Package biblatex Info: Trying to load language 'spanish'...
Package biblatex Info: ... file 'spanish.lbx' found.
(/usr/share/texlive/texmf-dist/tex/latex/biblatex/lbx/spanish.lbx
File: spanish.lbx 2024/03/21 v3.20 biblatex localization (PK/MW)
)
Package biblatex Info: Input encoding 'utf8' detected.
Package biblatex Info: Automatic encoding selection.
(biblatex)             Assuming data encoding 'utf8'.
\openout3 = `main.bcf'.

Package biblatex Info: Trying to load bibliographic data...
Package biblatex Info: ... file 'main.bbl' found.
 (./main.bbl)
Package biblatex Info: Reference section=0 on input line 139.
Package biblatex Info: Reference segment=0 on input line 139.
<logoUCM.png, id=1, 284.5029pt x 261.6174pt>
File: logoUCM.png Graphic file (type png)
<use logoUCM.png>
Package pdftex.def Info: logoUCM.png  used on input line 150.
(pdftex.def)             Requested size: 156.49014pt x 143.90198pt.
 [1


{/var/lib/texmf/fonts/map/pdftex/updmap/pdftex.map} <./logoUCM.png>] [2

] (./main.toc
LaTeX Info: Redefining \sptext on input line 1.
LaTeX Info: Redefining \. on input line 1.
LaTeX Info: Redefining \% on input line 1.
LaTeX Font Info:    Trying to load font information for U+msa on input line 3.
 (/usr/share/texlive/texmf-dist/tex/latex/amsfonts/umsa.fd
File: umsa.fd 2013/01/14 v3.01 AMS symbols A
)
LaTeX Font Info:    Trying to load font information for U+msb on input line 3.
 (/usr/share/texlive/texmf-dist/tex/latex/amsfonts/umsb.fd
File: umsb.fd 2013/01/14 v3.01 AMS symbols B
))
\tf@toc=\write4
\openout4 = `main.toc'.

 [1

] [2

]
\openout2 = `capitulo1/chapter1.aux'.

 (./capitulo1/chapter1.tex
Cap\'{\i }tulo 1.
(./capitulo1/secciones_cap1/introduccion.tex) (./capitulo1/secciones_cap1/preliminares.tex [1


]
LaTeX Info: Redefining \. on input line 77.
LaTeX Info: Redefining \% on input line 77.
 [2]) (./capitulo1/secciones_cap1/funcionesmorse.tex
LaTeX Info: Redefining \. on input line 33.
LaTeX Info: Redefining \% on input line 33.
 [3]
LaTeX Info: Redefining \. on input line 91.
LaTeX Info: Redefining \% on input line 91.
 [4]
Overfull \hbox (15.64563pt too wide) detected at line 118
\OML/cmm/m/it/10 f\OT1/cmr/m/n/10 (\OML/cmm/m/it/10 x[]; [] ; x[]\OT1/cmr/m/n/10 ) = [][] []\OML/cmm/m/it/10 dt \OT1/cmr/m/n/10 = [][] [] [] [](\OML/cmm/m/it/10 tx[]; [] ; tx[]\OT1/cmr/m/n/10 )\OML/cmm/m/it/10 x[][]dt \OT1/cmr/m/n/10 = [] \OML/cmm/m/it/10 x[] []
 []

LaTeX Info: Redefining \. on input line 141.
LaTeX Info: Redefining \% on input line 141.
[5]
Underfull \hbox (badness 10000) in paragraph at lines 155--156

 []

LaTeX Info: Redefining \. on input line 189.
LaTeX Info: Redefining \% on input line 189.
[6]
Underfull \hbox (badness 3525) in paragraph at lines 202--203
[]\OT1/cmr/m/n/10 Podemos rea-li-zar aho-ra un cam-bio li-neal de coor-de-na-das en $(\OML/cmm/m/it/10 u[]; [] ; u[]\OT1/cmr/m/n/10 )$ pa-ra dia-go-na-li-zar
 []

LaTeX Info: Redefining \. on input line 237.
LaTeX Info: Redefining \% on input line 237.
[7]
Underfull \hbox (badness 10000) in paragraph at lines 274--276

 []

LaTeX Info: Redefining \. on input line 280.
LaTeX Info: Redefining \% on input line 280.
[8]
</home/kike/Documents/Mates/TFG/introduction-to-morse-theory/memoria_libro/imagenes/grafica1.png, id=58, 354.123pt x 354.123pt>
File: /home/kike/Documents/Mates/TFG/introduction-to-morse-theory/memoria_libro/imagenes/grafica1.png Graphic file (type png)
<use /home/kike/Documents/Mates/TFG/introduction-to-morse-theory/memoria_libro/imagenes/grafica1.png>
Package pdftex.def Info: /home/kike/Documents/Mates/TFG/introduction-to-morse-theory/memoria_libro/imagenes/grafica1.png  used on input line 299.
(pdftex.def)             Requested size: 159.33821pt x 159.34306pt.
</home/kike/Documents/Mates/TFG/introduction-to-morse-theory/memoria_libro/imagenes/grafica2.png, id=59, 354.123pt x 354.123pt>
File: /home/kike/Documents/Mates/TFG/introduction-to-morse-theory/memoria_libro/imagenes/grafica2.png Graphic file (type png)
<use /home/kike/Documents/Mates/TFG/introduction-to-morse-theory/memoria_libro/imagenes/grafica2.png>
Package pdftex.def Info: /home/kike/Documents/Mates/TFG/introduction-to-morse-theory/memoria_libro/imagenes/grafica2.png  used on input line 305.
(pdftex.def)             Requested size: 159.33821pt x 159.34306pt.
</home/kike/Documents/Mates/TFG/introduction-to-morse-theory/memoria_libro/imagenes/grafica3.png, id=60, 354.123pt x 354